---------------------------------------------------------------
[ 2019-02-19T10:36:16+08:00 ] ::1 ::1 POST /index.php?s=client/xigua/getVideoUploadParams
[ error ] [2]curl_setopt(): You must pass either an object or an array with the CURLOPT_HTTPHEADER argument
---------------------------------------------------------------
[ 2019-02-19T10:47:48+08:00 ] ::1 ::1 POST /index.php?s=client/xigua/getVideoUploadParams
[ error ] [2]curl_setopt(): You must pass either an object or an array with the CURLOPT_HTTPHEADER argument
---------------------------------------------------------------
[ 2019-02-19T10:47:52+08:00 ] ::1 ::1 POST /index.php?s=client/xigua/getVideoUploadParams
[ error ] [2]curl_setopt(): You must pass either an object or an array with the CURLOPT_HTTPHEADER argument
---------------------------------------------------------------
[ 2019-02-19T10:48:32+08:00 ] ::1 ::1 POST /index.php?s=client/xigua/getVideoUploadParams
[ error ] [2]curl_setopt(): You must pass either an object or an array with the CURLOPT_HTTPHEADER argument
---------------------------------------------------------------
[ 2019-02-19T10:48:33+08:00 ] ::1 ::1 POST /index.php?s=client/xigua/getVideoUploadParams
[ error ] [2]curl_setopt(): You must pass either an object or an array with the CURLOPT_HTTPHEADER argument
---------------------------------------------------------------
[ 2019-02-19T14:03:07+08:00 ] ::1 ::1 GET /index.php?s=client/xigua/a
[ error ] [0]方法参数错误:url
---------------------------------------------------------------
[ 2019-02-19T14:03:18+08:00 ] ::1 ::1 GET /index.php?s=client/xigua/a
[ error ] [0]方法参数错误:url
---------------------------------------------------------------
[ 2019-02-19T14:03:20+08:00 ] ::1 ::1 GET /index.php?s=client/xigua/a
[ error ] [0]方法参数错误:url
---------------------------------------------------------------
[ 2019-02-19T14:03:47+08:00 ] ::1 ::1 GET /index.php?s=client/xigua/a
[ error ] [0]方法参数错误:url
---------------------------------------------------------------
[ 2019-02-19T14:03:48+08:00 ] ::1 ::1 GET /index.php?s=client/xigua/a
[ error ] [0]方法参数错误:url
---------------------------------------------------------------
[ 2019-02-19T14:04:09+08:00 ] ::1 ::1 GET /index.php?s=client/xigua/a
[ error ] [0]方法参数错误:url
---------------------------------------------------------------
[ 2019-02-19T14:04:11+08:00 ] ::1 ::1 GET /index.php?s=client/xigua/a
[ error ] [0]方法参数错误:url
---------------------------------------------------------------
[ 2019-02-19T14:04:48+08:00 ] ::1 ::1 GET /index.php?s=client/xigua/a
[ error ] [0]方法参数错误:url
---------------------------------------------------------------
[ 2019-02-19T14:47:05+08:00 ] ::1 ::1 GET /index.php?s=client/xigua/GetVideoUploadParams
[ error ] [2]curl_setopt(): You must pass either an object or an array with the CURLOPT_HTTPHEADER argument
---------------------------------------------------------------
[ 2019-02-19T14:49:35+08:00 ] ::1 ::1 GET /index.php?s=client/xigua/GetVideoUploadParams
[ error ] [2]curl_setopt(): You must pass either an object or an array with the CURLOPT_HTTPHEADER argument
---------------------------------------------------------------
[ 2019-02-19T14:49:36+08:00 ] ::1 ::1 GET /index.php?s=client/xigua/GetVideoUploadParams
[ error ] [2]curl_setopt(): You must pass either an object or an array with the CURLOPT_HTTPHEADER argument
---------------------------------------------------------------
[ 2019-02-19T14:50:08+08:00 ] ::1 ::1 GET /index.php?s=client/xigua/GetVideoUploadParams
[ error ] [2]curl_setopt(): You must pass either an object or an array with the CURLOPT_HTTPHEADER argument
---------------------------------------------------------------
[ 2019-02-19T15:20:51+08:00 ] ::1 ::1 GET /index.php?s=client/xigua/GetVideoUploadParams
[ error ] [8]Use of undefined constant curl_setopt - assumed 'curl_setopt'
