---------------------------------------------------------------
[ 2019-02-20T11:04:34+08:00 ] ::1 ::1 GET /index.php?s=client/xigua/GetVideoUploadParams
[ error ] [2]explode() expects parameter 2 to be string, array given
---------------------------------------------------------------
[ 2019-02-20T11:05:02+08:00 ] ::1 ::1 GET /index.php?s=client/xigua/GetVideoUploadParams
[ error ] [2]explode() expects parameter 2 to be string, array given
---------------------------------------------------------------
[ 2019-02-20T11:05:26+08:00 ] ::1 ::1 GET /index.php?s=client/xigua/GetVideoUploadParams
[ error ] [2]explode() expects parameter 2 to be string, array given
---------------------------------------------------------------
[ 2019-02-20T14:50:03+08:00 ] ::1 ::1 GET /index.php?s=client/xigua/uploadsID
[ error ] [8]未定义数组索引: tos_host
---------------------------------------------------------------
[ 2019-02-20T14:51:13+08:00 ] ::1 ::1 GET /index.php?s=client/xigua/uploadsID
[ error ] [8]未定义数组索引: tos_host
---------------------------------------------------------------
[ 2019-02-20T14:51:24+08:00 ] ::1 ::1 GET /index.php?s=client/xigua/uploadsID
[ error ] [8]未定义数组索引: tos_host
---------------------------------------------------------------
[ 2019-02-20T14:52:10+08:00 ] ::1 ::1 GET /index.php?s=client/xigua/uploadsID
[ error ] [8]未定义数组索引: tos_host
---------------------------------------------------------------
[ 2019-02-20T14:52:56+08:00 ] ::1 ::1 GET /index.php?s=client/xigua/uploadsID
[ error ] [8]未定义数组索引: tos_host
---------------------------------------------------------------
[ 2019-02-20T14:53:31+08:00 ] ::1 ::1 GET /index.php?s=client/xigua/uploadsID
[ error ] [8]未定义数组索引: tos_sign
---------------------------------------------------------------
[ 2019-02-20T14:55:54+08:00 ] ::1 ::1 GET /index.php?s=client/xigua/uploadsID
[ error ] [8]未定义数组索引: tos_sign
