---------------------------------------------------------------
[ 2019-05-20T17:15:43+08:00 ] 127.0.0.1 127.0.0.1 POST /index.php?s=manager/logon/logon
[ info ] dev.milkyway.xb/index.php?s=manager/logon/logon [è¿è¡Œæ—¶é—´ï¼š0.103063s][ååç‡ï¼š9.70req/s] [å†…å­˜æ¶ˆè€—ï¼š3,446.78kb] [æ–‡ä»¶åŠ è½½ï¼š47]
[ sql ] [ DB ] CONNECT:[ UseTime:0.002907s ] mysql:host=localhost;dbname=milkyway;charset=utf8
[ sql ] [ SQL ] select user_id,username,mobile,email,password,salt from `user` where username = 'user' [ RunTime:0.008605s ]
[ sql ] [ SQL ] UPDATE `user` SET `token`='eyJ0eXAiOiJKV1QiLCJhbGciOiJIUzI1NiJ9.eyJpc3MiOiJtaWxreXdheSIsImF1ZCI6InVzZXIiLCJpYXQiOjE1NTgzNDM3NDMsIm5iZiI6IiIsImV4cCI6MTU1ODM1MDk0MywidXNlcl9pZCI6MX0.EB2UChLkU31doTADiMlTJTWp_aL4wQgZZKndo_zzWhc' WHERE `user_id`='1' [ RunTime:0.004644s ]
---------------------------------------------------------------
[ 2019-05-20T17:16:43+08:00 ] 127.0.0.1 127.0.0.1 POST /index.php?s=manager/logon/logon
[ info ] dev.milkyway.xb/index.php?s=manager/logon/logon [è¿è¡Œæ—¶é—´ï¼š0.064374s][ååç‡ï¼š15.53req/s] [å†…å­˜æ¶ˆè€—ï¼š3,446.79kb] [æ–‡ä»¶åŠ è½½ï¼š47]
[ sql ] [ DB ] CONNECT:[ UseTime:0.000569s ] mysql:host=localhost;dbname=milkyway;charset=utf8
[ sql ] [ SQL ] select user_id,username,mobile,email,password,salt from `user` where username = 'user' [ RunTime:0.000843s ]
[ sql ] [ SQL ] UPDATE `user` SET `token`='eyJ0eXAiOiJKV1QiLCJhbGciOiJIUzI1NiJ9.eyJpc3MiOiJtaWxreXdheSIsImF1ZCI6InVzZXIiLCJpYXQiOjE1NTgzNDM4MDMsIm5iZiI6IiIsImV4cCI6MTU1ODM1MTAwMywidXNlcl9pZCI6MX0.sUVFBvOJ8QSNljvrH25Mmoly-nS4BLcFLCoX6hNk5bo' WHERE `user_id`='1' [ RunTime:0.000647s ]
---------------------------------------------------------------
[ 2019-05-20T17:18:56+08:00 ] ::1 ::1 POST /index.php?s=manager/account/addaccount
[ info ] dev.milkyway.xb/index.php?s=manager/account/addaccount [è¿è¡Œæ—¶é—´ï¼š0.085681s][ååç‡ï¼š11.67req/s] [å†…å­˜æ¶ˆè€—ï¼š3,562.46kb] [æ–‡ä»¶åŠ è½½ï¼š52]
[ error ] [10501]SQLSTATE[HY000]: General error: 1364 Field 'auth_status' doesn't have a default value[/Applications/MAMP/htdocs/thinkphp/library/think/db/Connection.php:451]
[ sql ] [ DB ] CONNECT:[ UseTime:0.000620s ] mysql:host=localhost;dbname=milkyway;charset=utf8
---------------------------------------------------------------
[ 2019-05-20T17:21:16+08:00 ] ::1 ::1 POST /index.php?s=manager/account/addaccount
[ info ] dev.milkyway.xb/index.php?s=manager/account/addaccount [è¿è¡Œæ—¶é—´ï¼š0.077110s][ååç‡ï¼š12.97req/s] [å†…å­˜æ¶ˆè€—ï¼š3,554.60kb] [æ–‡ä»¶åŠ è½½ï¼š52]
[ error ] [10501]SQLSTATE[21S01]: Insert value list does not match column list: 1136 Column count doesn't match value count at row 1[/Applications/MAMP/htdocs/thinkphp/library/think/db/Connection.php:451]
[ sql ] [ DB ] CONNECT:[ UseTime:0.000655s ] mysql:host=localhost;dbname=milkyway;charset=utf8
---------------------------------------------------------------
[ 2019-05-20T17:21:29+08:00 ] ::1 ::1 POST /index.php?s=manager/account/addaccount
[ info ] dev.milkyway.xb/index.php?s=manager/account/addaccount [è¿è¡Œæ—¶é—´ï¼š0.061209s][ååç‡ï¼š16.34req/s] [å†…å­˜æ¶ˆè€—ï¼š3,488.36kb] [æ–‡ä»¶åŠ è½½ï¼š47]
[ sql ] [ DB ] CONNECT:[ UseTime:0.000667s ] mysql:host=localhost;dbname=milkyway;charset=utf8
[ sql ] [ SQL ] insert into `account` (user_id,account_platform_id,a_name,auth,auth_status,date_added,date_modified)
                    values ('1','1','å¼ ä¸‰çš„ç™¾å®¶å·','{\"app_id\":\"1633476652893450\",\"app_token\":\"sadasadwEAWDDWAWdadawdsa\"}','1','2019-05-20 17:21:29','2019-05-20 17:21:29') [ RunTime:0.005572s ]
---------------------------------------------------------------
[ 2019-05-20T17:23:03+08:00 ] ::1 ::1 POST /index.php?s=manager/account/addaccount
[ info ] dev.milkyway.xb/index.php?s=manager/account/addaccount [è¿è¡Œæ—¶é—´ï¼š0.087258s][ååç‡ï¼š11.46req/s] [å†…å­˜æ¶ˆè€—ï¼š3,501.16kb] [æ–‡ä»¶åŠ è½½ï¼š48]
[ sql ] [ DB ] CONNECT:[ UseTime:0.000669s ] mysql:host=localhost;dbname=milkyway;charset=utf8
[ sql ] [ SQL ] insert into `account` (user_id,account_platform_id,a_name,auth,auth_status,date_added,date_modified)
                    values ('1','1','å¼ ä¸‰çš„ç™¾å®¶å·','{\"app_id\":\"1633476652893450\",\"app_token\":\"sadasadwEAWDDWAWdadawdsa\"}','1','2019-05-20 17:23:03','2019-05-20 17:23:03') [ RunTime:0.001284s ]
---------------------------------------------------------------
[ 2019-05-20T17:36:41+08:00 ] ::1 ::1 POST /index.php?s=manager/account/addaccount
[ info ] dev.milkyway.xb/index.php?s=manager/account/addaccount [è¿è¡Œæ—¶é—´ï¼š0.087591s][ååç‡ï¼š11.42req/s] [å†…å­˜æ¶ˆè€—ï¼š3,557.54kb] [æ–‡ä»¶åŠ è½½ï¼š52]
[ error ] [10501]SQLSTATE[42S22]: Column not found: 1054 Unknown column 'id' in 'field list'[/Applications/MAMP/htdocs/thinkphp/library/think/db/Connection.php:388]
[ sql ] [ DB ] CONNECT:[ UseTime:0.000489s ] mysql:host=localhost;dbname=milkyway;charset=utf8
---------------------------------------------------------------
[ 2019-05-20T17:36:59+08:00 ] ::1 ::1 POST /index.php?s=manager/account/addaccount
[ info ] dev.milkyway.xb/index.php?s=manager/account/addaccount [è¿è¡Œæ—¶é—´ï¼š0.060404s][ååç‡ï¼š16.56req/s] [å†…å­˜æ¶ˆè€—ï¼š3,506.17kb] [æ–‡ä»¶åŠ è½½ï¼š48]
[ sql ] [ DB ] CONNECT:[ UseTime:0.000633s ] mysql:host=localhost;dbname=milkyway;charset=utf8
[ sql ] [ SQL ] select account_id,auth from `account` where account_platform_id = 1 [ RunTime:0.003606s ]
[ sql ] [ SQL ] insert into `account` (user_id,account_platform_id,a_name,auth,auth_status,date_added,date_modified)
                    values ('1','1','å¼ ä¸‰çš„ç™¾å®¶å·','{\"app_id\":\"1633476652893450\",\"app_token\":\"sadasadwEAWDDWAWdadawdsa\"}','1','2019-05-20 17:36:59','2019-05-20 17:36:59') [ RunTime:0.002697s ]
---------------------------------------------------------------
[ 2019-05-20T17:37:01+08:00 ] ::1 ::1 POST /index.php?s=manager/account/addaccount
[ info ] dev.milkyway.xb/index.php?s=manager/account/addaccount [è¿è¡Œæ—¶é—´ï¼š0.052010s][ååç‡ï¼š19.23req/s] [å†…å­˜æ¶ˆè€—ï¼š3,559.38kb] [æ–‡ä»¶åŠ è½½ï¼š51]
[ error ] [2]Illegal string offset 'auth'[/Applications/MAMP/htdocs/milkyway/application/manager/controller/Account.php:67]
[ sql ] [ DB ] CONNECT:[ UseTime:0.000449s ] mysql:host=localhost;dbname=milkyway;charset=utf8
[ sql ] [ SQL ] select account_id,auth from `account` where account_platform_id = 1 [ RunTime:0.000672s ]
---------------------------------------------------------------
[ 2019-05-20T17:37:55+08:00 ] ::1 ::1 POST /index.php?s=manager/account/addaccount
[ info ] dev.milkyway.xb/index.php?s=manager/account/addaccount [è¿è¡Œæ—¶é—´ï¼š0.046578s][ååç‡ï¼š21.47req/s] [å†…å­˜æ¶ˆè€—ï¼š3,397.58kb] [æ–‡ä»¶åŠ è½½ï¼š45]
[ sql ] [ DB ] CONNECT:[ UseTime:0.000515s ] mysql:host=localhost;dbname=milkyway;charset=utf8
[ sql ] [ SQL ] select account_id,auth from `account` where account_platform_id = 1 [ RunTime:0.000551s ]
---------------------------------------------------------------
[ 2019-05-20T17:38:23+08:00 ] ::1 ::1 POST /index.php?s=manager/account/addaccount
[ info ] dev.milkyway.xb/index.php?s=manager/account/addaccount [è¿è¡Œæ—¶é—´ï¼š0.058045s][ååç‡ï¼š17.23req/s] [å†…å­˜æ¶ˆè€—ï¼š3,559.50kb] [æ–‡ä»¶åŠ è½½ï¼š51]
[ error ] [2]Illegal string offset 'auth'[/Applications/MAMP/htdocs/milkyway/application/manager/controller/Account.php:68]
[ sql ] [ DB ] CONNECT:[ UseTime:0.000448s ] mysql:host=localhost;dbname=milkyway;charset=utf8
[ sql ] [ SQL ] select account_id,auth from `account` where account_platform_id = 1 [ RunTime:0.000586s ]
---------------------------------------------------------------
[ 2019-05-20T17:40:22+08:00 ] ::1 ::1 POST /index.php?s=manager/account/addaccount
[ info ] dev.milkyway.xb/index.php?s=manager/account/addaccount [è¿è¡Œæ—¶é—´ï¼š0.080772s][ååç‡ï¼š12.38req/s] [å†…å­˜æ¶ˆè€—ï¼š3,582.48kb] [æ–‡ä»¶åŠ è½½ï¼š51]
[ error ] [1]Cannot use object of type stdClass as array[/Applications/MAMP/htdocs/milkyway/application/manager/controller/Account.php:69]
[ sql ] [ DB ] CONNECT:[ UseTime:0.000467s ] mysql:host=localhost;dbname=milkyway;charset=utf8
[ sql ] [ SQL ] select account_id,auth from `account` where account_platform_id = 1 [ RunTime:0.000563s ]
---------------------------------------------------------------
[ 2019-05-20T17:40:50+08:00 ] ::1 ::1 POST /index.php?s=manager/account/addaccount
[ info ] dev.milkyway.xb/index.php?s=manager/account/addaccount [è¿è¡Œæ—¶é—´ï¼š0.058934s][ååç‡ï¼š16.97req/s] [å†…å­˜æ¶ˆè€—ï¼š3,505.94kb] [æ–‡ä»¶åŠ è½½ï¼š48]
[ sql ] [ DB ] CONNECT:[ UseTime:0.000410s ] mysql:host=localhost;dbname=milkyway;charset=utf8
[ sql ] [ SQL ] select account_id,auth from `account` where account_platform_id = 1 [ RunTime:0.000584s ]
---------------------------------------------------------------
[ 2019-05-20T17:41:22+08:00 ] ::1 ::1 POST /index.php?s=manager/account/addaccount
[ info ] dev.milkyway.xb/index.php?s=manager/account/addaccount [è¿è¡Œæ—¶é—´ï¼š0.043373s][ååç‡ï¼š23.06req/s] [å†…å­˜æ¶ˆè€—ï¼š3,505.98kb] [æ–‡ä»¶åŠ è½½ï¼š48]
[ sql ] [ DB ] CONNECT:[ UseTime:0.000372s ] mysql:host=localhost;dbname=milkyway;charset=utf8
[ sql ] [ SQL ] select account_id,auth from `account` where account_platform_id = 1 [ RunTime:0.000511s ]
---------------------------------------------------------------
[ 2019-05-20T17:46:03+08:00 ] ::1 ::1 POST /index.php?s=manager/account/addaccount
[ info ] dev.milkyway.xb/index.php?s=manager/account/addaccount [è¿è¡Œæ—¶é—´ï¼š0.070443s][ååç‡ï¼š14.20req/s] [å†…å­˜æ¶ˆè€—ï¼š3,506.03kb] [æ–‡ä»¶åŠ è½½ï¼š48]
[ sql ] [ DB ] CONNECT:[ UseTime:0.000396s ] mysql:host=localhost;dbname=milkyway;charset=utf8
[ sql ] [ SQL ] select account_id,auth from `account` where account_platform_id = 1 [ RunTime:0.000588s ]
---------------------------------------------------------------
[ 2019-05-20T17:46:40+08:00 ] ::1 ::1 POST /index.php?s=manager/account/addaccount
[ info ] dev.milkyway.xb/index.php?s=manager/account/addaccount [è¿è¡Œæ—¶é—´ï¼š0.059232s][ååç‡ï¼š16.88req/s] [å†…å­˜æ¶ˆè€—ï¼š3,508.30kb] [æ–‡ä»¶åŠ è½½ï¼š48]
[ sql ] [ DB ] CONNECT:[ UseTime:0.000429s ] mysql:host=localhost;dbname=milkyway;charset=utf8
[ sql ] [ SQL ] select account_id,auth from `account` where account_platform_id = 1 [ RunTime:0.000357s ]
[ sql ] [ SQL ] insert into `account` (user_id,account_platform_id,a_name,auth,auth_status,date_added,date_modified)
                    values ('1','1','å¼ ä¸‰çš„ç™¾å®¶å·','{\"app_id\":\"1633476652893450\",\"app_token\":\"sadasadwEAWDDWAWdadawdsa\"}','1','2019-05-20 17:46:40','2019-05-20 17:46:40') [ RunTime:0.000379s ]
---------------------------------------------------------------
[ 2019-05-20T17:46:44+08:00 ] ::1 ::1 POST /index.php?s=manager/account/addaccount
[ info ] dev.milkyway.xb/index.php?s=manager/account/addaccount [è¿è¡Œæ—¶é—´ï¼š0.043169s][ååç‡ï¼š23.16req/s] [å†…å­˜æ¶ˆè€—ï¼š3,508.16kb] [æ–‡ä»¶åŠ è½½ï¼š48]
[ sql ] [ DB ] CONNECT:[ UseTime:0.000346s ] mysql:host=localhost;dbname=milkyway;charset=utf8
[ sql ] [ SQL ] select account_id,auth from `account` where account_platform_id = 1 [ RunTime:0.000466s ]
[ sql ] [ SQL ] insert into `account` (user_id,account_platform_id,a_name,auth,auth_status,date_added,date_modified)
                    values ('1','1','å¼ ä¸‰çš„ç™¾å®¶å·','{\"app_id\":\"16334766528934501\",\"app_token\":\"sadasadwEAWDDWAWdadawdsa\"}','1','2019-05-20 17:46:44','2019-05-20 17:46:44') [ RunTime:0.000466s ]
---------------------------------------------------------------
[ 2019-05-20T17:46:51+08:00 ] ::1 ::1 POST /index.php?s=manager/account/addaccount
[ info ] dev.milkyway.xb/index.php?s=manager/account/addaccount [è¿è¡Œæ—¶é—´ï¼š0.042254s][ååç‡ï¼š23.67req/s] [å†…å­˜æ¶ˆè€—ï¼š3,506.31kb] [æ–‡ä»¶åŠ è½½ï¼š48]
[ sql ] [ DB ] CONNECT:[ UseTime:0.000310s ] mysql:host=localhost;dbname=milkyway;charset=utf8
[ sql ] [ SQL ] select account_id,auth from `account` where account_platform_id = 1 [ RunTime:0.000610s ]
